bin/proguard/seeds.txt
com.bugsense.proguardtest.ProguardBugSenseActivity